# JRE version: OpenJDK Runtime Environment Corretto-17.0.12.7.1 (17.0.12+7) (build 17.0.12+7-LTS)
# Java VM: OpenJDK 64-Bit Server VM Corretto-17.0.12.7.1 (17.0.12+7-LTS, mixed mode, sharing, tiered, compressed oops, compressed class ptrs, g1 gc, windows-amd64)
GC Precious Log:
 CPUs: 2 total, 2 available
 Memory: 3919M
 Large Page Support: Disabled
 NUMA Support: Disabled
 Compressed Oops: Enabled (32-bit)
 Heap Region Size: 1M
 Heap Min Capacity: 8M
 Heap Initial Capacity: 62M
 Heap Max Capacity: 980M
 Pre-touch: Disabled
 Parallel Workers: 2
 Concurrent Workers: 1
 Concurrent Refinement Workers: 2
 Periodic GC: Disabled
Heap:
 garbage-first heap   total 69632K, used 43023K [0x00000000c2c00000, 0x0000000100000000)
  region size 1024K, 11 young (11264K), 1 survivors (1024K)
 Metaspace       used 72754K, committed 73280K, reserved 1114112K
  class space    used 10001K, committed 10240K, reserved 1048576K
GC Heap History (20 events):
Event: 62.993 GC heap before
{Heap before GC invocations=37 (full 0):
 garbage-first heap   total 69632K, used 54863K [0x00000000c2c00000, 0x0000000100000000)
  region size 1024K, 23 young (23552K), 2 survivors (2048K)
 Metaspace       used 69703K, committed 70208K, reserved 1114112K
  class space    used 9793K, committed 10048K, reserved 1048576K
}
Event: 63.009 GC heap after
{Heap after GC invocations=38 (full 0):
 garbage-first heap   total 69632K, used 35715K [0x00000000c2c00000, 0x0000000100000000)
  region size 1024K, 3 young (3072K), 3 survivors (3072K)
 Metaspace       used 69703K, committed 70208K, reserved 1114112K
  class space    used 9793K, committed 10048K, reserved 1048576K
}
Event: 67.533 GC heap before
{Heap before GC invocations=38 (full 0):
 garbage-first heap   total 69632K, used 55171K [0x00000000c2c00000, 0x0000000100000000)
  region size 1024K, 22 young (22528K), 3 survivors (3072K)
 Metaspace       used 70722K, committed 71232K, reserved 1114112K
  class space    used 9795K, committed 10048K, reserved 1048576K
}
Event: 67.543 GC heap after
{Heap after GC invocations=39 (full 0):
 garbage-first heap   total 69632K, used 36261K [0x00000000c2c00000, 0x0000000100000000)
  region size 1024K, 1 young (1024K), 1 survivors (1024K)
 Metaspace       used 70722K, committed 71232K, reserved 1114112K
  class space    used 9795K, committed 10048K, reserved 1048576K
}
Event: 70.786 GC heap before
{Heap before GC invocations=40 (full 0):
 garbage-first heap   total 69632K, used 56741K [0x00000000c2c00000, 0x0000000100000000)
  region size 1024K, 21 young (21504K), 1 survivors (1024K)
 Metaspace       used 70811K, committed 71360K, reserved 1114112K
  class space    used 9796K, committed 10048K, reserved 1048576K
}
Event: 70.788 GC heap after
{Heap after GC invocations=41 (full 0):
 garbage-first heap   total 69632K, used 35969K [0x00000000c2c00000, 0x0000000100000000)
  region size 1024K, 1 young (1024K), 1 survivors (1024K)
 Metaspace       used 70811K, committed 71360K, reserved 1114112K
  class space    used 9796K, committed 10048K, reserved 1048576K
}
Event: 71.087 GC heap before
{Heap before GC invocations=41 (full 0):
 garbage-first heap   total 69632K, used 38017K [0x00000000c2c00000, 0x0000000100000000)
  region size 1024K, 3 young (3072K), 1 survivors (1024K)
 Metaspace       used 70811K, committed 71360K, reserved 1114112K
  class space    used 9796K, committed 10048K, reserved 1048576K
}
Event: 71.090 GC heap after
{Heap after GC invocations=42 (full 0):
 garbage-first heap   total 69632K, used 35008K [0x00000000c2c00000, 0x0000000100000000)
  region size 1024K, 1 young (1024K), 1 survivors (1024K)
 Metaspace       used 70811K, committed 71360K, reserved 1114112K
  class space    used 9796K, committed 10048K, reserved 1048576K
}
Event: 78.681 GC heap before
{Heap before GC invocations=42 (full 0):
 garbage-first heap   total 69632K, used 55488K [0x00000000c2c00000, 0x0000000100000000)
  region size 1024K, 22 young (22528K), 1 survivors (1024K)
 Metaspace       used 72226K, committed 72768K, reserved 1114112K
  class space    used 9999K, committed 10240K, reserved 1048576K
}
Event: 78.686 GC heap after
{Heap after GC invocations=43 (full 0):
 garbage-first heap   total 69632K, used 35341K [0x00000000c2c00000, 0x0000000100000000)
  region size 1024K, 1 young (1024K), 1 survivors (1024K)
 Metaspace       used 72226K, committed 72768K, reserved 1114112K
  class space    used 9999K, committed 10240K, reserved 1048576K
}
Event: 92.645 GC heap before
{Heap before GC invocations=43 (full 0):
 garbage-first heap   total 69632K, used 57869K [0x00000000c2c00000, 0x0000000100000000)
  region size 1024K, 23 young (23552K), 1 survivors (1024K)
 Metaspace       used 72520K, committed 73024K, reserved 1114112K
  class space    used 9999K, committed 10240K, reserved 1048576K
}
Event: 92.649 GC heap after
{Heap after GC invocations=44 (full 0):
 garbage-first heap   total 69632K, used 35295K [0x00000000c2c00000, 0x0000000100000000)
  region size 1024K, 1 young (1024K), 1 survivors (1024K)
 Metaspace       used 72520K, committed 73024K, reserved 1114112K
  class space    used 9999K, committed 10240K, reserved 1048576K
}
Event: 104.717 GC heap before
{Heap before GC invocations=44 (full 0):
 garbage-first heap   total 69632K, used 58847K [0x00000000c2c00000, 0x0000000100000000)
  region size 1024K, 24 young (24576K), 1 survivors (1024K)
 Metaspace       used 72718K, committed 73280K, reserved 1114112K
  class space    used 10000K, committed 10240K, reserved 1048576K
}
Event: 104.727 GC heap after
{Heap after GC invocations=45 (full 0):
 garbage-first heap   total 69632K, used 35298K [0x00000000c2c00000, 0x0000000100000000)
  region size 1024K, 1 young (1024K), 1 survivors (1024K)
 Metaspace       used 72718K, committed 73280K, reserved 1114112K
  class space    used 10000K, committed 10240K, reserved 1048576K
}
Event: 114.662 GC heap before
{Heap before GC invocations=46 (full 0):
 garbage-first heap   total 69632K, used 57826K [0x00000000c2c00000, 0x0000000100000000)
  region size 1024K, 24 young (24576K), 1 survivors (1024K)
 Metaspace       used 72748K, committed 73280K, reserved 1114112K
  class space    used 10001K, committed 10240K, reserved 1048576K
}
Event: 114.668 GC heap after
{Heap after GC invocations=47 (full 0):
 garbage-first heap   total 69632K, used 35378K [0x00000000c2c00000, 0x0000000100000000)
  region size 1024K, 1 young (1024K), 1 survivors (1024K)
 Metaspace       used 72748K, committed 73280K, reserved 1114112K
  class space    used 10001K, committed 10240K, reserved 1048576K
}
Event: 114.937 GC heap before
{Heap before GC invocations=47 (full 0):
 garbage-first heap   total 69632K, used 36402K [0x00000000c2c00000, 0x0000000100000000)
  region size 1024K, 3 young (3072K), 1 survivors (1024K)
 Metaspace       used 72752K, committed 73280K, reserved 1114112K
  class space    used 10001K, committed 10240K, reserved 1048576K
}
Event: 114.948 GC heap after
{Heap after GC invocations=48 (full 0):
 garbage-first heap   total 69632K, used 34943K [0x00000000c2c00000, 0x0000000100000000)
  region size 1024K, 1 young (1024K), 1 survivors (1024K)
 Metaspace       used 72752K, committed 73280K, reserved 1114112K
  class space    used 10001K, committed 10240K, reserved 1048576K
}
Event: 119.307 GC heap before
{Heap before GC invocations=48 (full 0):
 garbage-first heap   total 69632K, used 58495K [0x00000000c2c00000, 0x0000000100000000)
  region size 1024K, 25 young (25600K), 1 survivors (1024K)
 Metaspace       used 72754K, committed 73280K, reserved 1114112K
  class space    used 10001K, committed 10240K, reserved 1048576K
}
Event: 119.314 GC heap after
{Heap after GC invocations=49 (full 0):
 garbage-first heap   total 69632K, used 34831K [0x00000000c2c00000, 0x0000000100000000)
  region size 1024K, 1 young (1024K), 1 survivors (1024K)
 Metaspace       used 72754K, committed 73280K, reserved 1114112K
  class space    used 10001K, committed 10240K, reserved 1048576K
}

